module.js:338
    throw err;
          ^
Error: Cannot find module 'express'
    at Function.Module._resolveFilename (module.js:336:15)
    at Function.Module._load (module.js:278:25)
    at Module.require (module.js:365:17)
    at require (module.js:384:17)
    at Object.<anonymous> (/Users/avatsaev/HomeControl/app.js:7:15)
    at Module._compile (module.js:460:26)
    at Object.Module._extensions..js (module.js:478:10)
    at Module.load (module.js:355:32)
    at Function.Module._load (module.js:310:12)
    at Function.Module.runMain (module.js:501:10)
module.js:338
    throw err;
          ^
Error: Cannot find module 'express'
    at Function.Module._resolveFilename (module.js:336:15)
    at Function.Module._load (module.js:278:25)
    at Module.require (module.js:365:17)
    at require (module.js:384:17)
    at Object.<anonymous> (/Users/avatsaev/HomeControl/app.js:7:15)
    at Module._compile (module.js:460:26)
    at Object.Module._extensions..js (module.js:478:10)
    at Module.load (module.js:355:32)
    at Function.Module._load (module.js:310:12)
    at Function.Module.runMain (module.js:501:10)
Loading env from: ./config.json
Loading env from: ./config.json
Loading env from: ./config.json
Loading env from: ./config.json
Loading env from: ./config.json
Loading env from: ./config.json
Loading env from: ./config.json
Loading env from: ./config.json
Loading env from: ./config.json
Loading env from: ./config.json
Loading env from: ./config.json
Loading env from: ./config.json
Loading env from: ./config.json
Loading env from: ./config.json
Loading env from: ./config.json
Loading env from: ./config.json
Loading env from: ./config.json
Loading env from: ./config.json
Loading env from: ./config.json
Loading env from: ./config.json
Loading env from: ./config.json
Loading env from: ./config.json
Loading env from: ./config.json
Loading env from: ./config.json
Loading env from: ./config.json
Loading env from: ./config.json
Loading env from: ./config.json
events.js:85
      throw er; // Unhandled 'error' event
            ^
Error: bind EADDRINUSE
    at exports._errnoException (util.js:746:11)
    at cb (net.js:1178:33)
    at rr (cluster.js:592:14)
    at Worker.<anonymous> (cluster.js:563:9)
    at process.<anonymous> (cluster.js:692:8)
    at process.emit (events.js:129:20)
    at handleMessage (child_process.js:324:10)
    at Pipe.channel.onread (child_process.js:352:11)
events.js:85
      throw er; // Unhandled 'error' event
            ^
Error: bind EADDRINUSE
    at exports._errnoException (util.js:746:11)
    at cb (net.js:1178:33)
    at rr (cluster.js:592:14)
    at Worker.<anonymous> (cluster.js:563:9)
    at process.<anonymous> (cluster.js:692:8)
    at process.emit (events.js:129:20)
    at handleMessage (child_process.js:324:10)
    at Pipe.channel.onread (child_process.js:352:11)
events.js:85
      throw er; // Unhandled 'error' event
            ^
Error: bind EADDRINUSE
    at exports._errnoException (util.js:746:11)
    at cb (net.js:1178:33)
    at rr (cluster.js:592:14)
    at Worker.<anonymous> (cluster.js:563:9)
    at process.<anonymous> (cluster.js:692:8)
    at process.emit (events.js:129:20)
    at handleMessage (child_process.js:324:10)
    at Pipe.channel.onread (child_process.js:352:11)
events.js:85
      throw er; // Unhandled 'error' event
            ^
Error: bind EADDRINUSE
    at exports._errnoException (util.js:746:11)
    at cb (net.js:1178:33)
    at rr (cluster.js:592:14)
    at Worker.<anonymous> (cluster.js:563:9)
    at process.<anonymous> (cluster.js:692:8)
    at process.emit (events.js:129:20)
    at handleMessage (child_process.js:324:10)
    at Pipe.channel.onread (child_process.js:352:11)
events.js:85
      throw er; // Unhandled 'error' event
            ^
Error: bind EADDRINUSE
    at exports._errnoException (util.js:746:11)
    at cb (net.js:1178:33)
    at rr (cluster.js:592:14)
    at Worker.<anonymous> (cluster.js:563:9)
    at process.<anonymous> (cluster.js:692:8)
    at process.emit (events.js:129:20)
    at handleMessage (child_process.js:324:10)
    at Pipe.channel.onread (child_process.js:352:11)
events.js:85
      throw er; // Unhandled 'error' event
            ^
Error: bind EADDRINUSE
    at exports._errnoException (util.js:746:11)
    at cb (net.js:1178:33)
    at rr (cluster.js:592:14)
    at Worker.<anonymous> (cluster.js:563:9)
    at process.<anonymous> (cluster.js:692:8)
    at process.emit (events.js:129:20)
    at handleMessage (child_process.js:324:10)
    at Pipe.channel.onread (child_process.js:352:11)
events.js:85
      throw er; // Unhandled 'error' event
            ^
Error: bind EADDRINUSE
    at exports._errnoException (util.js:746:11)
    at cb (net.js:1178:33)
    at rr (cluster.js:592:14)
    at Worker.<anonymous> (cluster.js:563:9)
    at process.<anonymous> (cluster.js:692:8)
    at process.emit (events.js:129:20)
    at handleMessage (child_process.js:324:10)
    at Pipe.channel.onread (child_process.js:352:11)
events.js:85
      throw er; // Unhandled 'error' event
            ^
Error: bind EADDRINUSE
    at exports._errnoException (util.js:746:11)
    at cb (net.js:1178:33)
    at rr (cluster.js:592:14)
    at Worker.<anonymous> (cluster.js:563:9)
    at process.<anonymous> (cluster.js:692:8)
    at process.emit (events.js:129:20)
    at handleMessage (child_process.js:324:10)
    at Pipe.channel.onread (child_process.js:352:11)
Error
    at new JS_Parse_Error (/Users/avatsaev/HomeControl/node_modules/jade/node_modules/with/node_modules/uglify-js/lib/parse.js:196:18)
    at js_error (/Users/avatsaev/HomeControl/node_modules/jade/node_modules/with/node_modules/uglify-js/lib/parse.js:204:11)
    at croak (/Users/avatsaev/HomeControl/node_modules/jade/node_modules/with/node_modules/uglify-js/lib/parse.js:640:41)
    at token_error (/Users/avatsaev/HomeControl/node_modules/jade/node_modules/with/node_modules/uglify-js/lib/parse.js:644:9)
    at expect_token (/Users/avatsaev/HomeControl/node_modules/jade/node_modules/with/node_modules/uglify-js/lib/parse.js:657:9)
    at expect (/Users/avatsaev/HomeControl/node_modules/jade/node_modules/with/node_modules/uglify-js/lib/parse.js:660:36)
    at expr_atom (/Users/avatsaev/HomeControl/node_modules/jade/node_modules/with/node_modules/uglify-js/lib/parse.js:1112:17)
    at maybe_unary (/Users/avatsaev/HomeControl/node_modules/jade/node_modules/with/node_modules/uglify-js/lib/parse.js:1287:19)
    at expr_ops (/Users/avatsaev/HomeControl/node_modules/jade/node_modules/with/node_modules/uglify-js/lib/parse.js:1322:24)
    at maybe_conditional (/Users/avatsaev/HomeControl/node_modules/jade/node_modules/with/node_modules/uglify-js/lib/parse.js:1327:20)
Loading env from: ./config.json
Loading env from: ./config.json
Loading env from: ./config.json
Loading env from: ./config.json
Loading env from: ./config.json
Loading env from: ./config.json
Loading env from: ./config.json
Loading env from: ./config.json
Loading env from: ./config.json
events.js:85
      throw er; // Unhandled 'error' event
            ^
Error: bind EADDRINUSE
    at exports._errnoException (util.js:746:11)
    at cb (net.js:1178:33)
    at rr (cluster.js:592:14)
    at Worker.<anonymous> (cluster.js:563:9)
    at process.<anonymous> (cluster.js:692:8)
    at process.emit (events.js:129:20)
    at handleMessage (child_process.js:324:10)
    at Pipe.channel.onread (child_process.js:352:11)
events.js:85
      throw er; // Unhandled 'error' event
            ^
Error: bind EADDRINUSE
    at exports._errnoException (util.js:746:11)
    at cb (net.js:1178:33)
    at rr (cluster.js:592:14)
    at Worker.<anonymous> (cluster.js:563:9)
    at process.<anonymous> (cluster.js:692:8)
    at process.emit (events.js:129:20)
    at handleMessage (child_process.js:324:10)
    at Pipe.channel.onread (child_process.js:352:11)
events.js:85
      throw er; // Unhandled 'error' event
            ^
Error: bind EADDRINUSE
    at exports._errnoException (util.js:746:11)
    at cb (net.js:1178:33)
    at rr (cluster.js:592:14)
    at Worker.<anonymous> (cluster.js:563:9)
    at process.<anonymous> (cluster.js:692:8)
    at process.emit (events.js:129:20)
    at handleMessage (child_process.js:324:10)
    at Pipe.channel.onread (child_process.js:352:11)
events.js:85
      throw er; // Unhandled 'error' event
            ^
Error: bind EADDRINUSE
    at exports._errnoException (util.js:746:11)
    at cb (net.js:1178:33)
    at rr (cluster.js:592:14)
    at Worker.<anonymous> (cluster.js:563:9)
    at process.<anonymous> (cluster.js:692:8)
    at process.emit (events.js:129:20)
    at handleMessage (child_process.js:324:10)
    at Pipe.channel.onread (child_process.js:352:11)
events.js:85
      throw er; // Unhandled 'error' event
            ^
Error: bind EADDRINUSE
    at exports._errnoException (util.js:746:11)
    at cb (net.js:1178:33)
    at rr (cluster.js:592:14)
    at Worker.<anonymous> (cluster.js:563:9)
    at process.<anonymous> (cluster.js:692:8)
    at process.emit (events.js:129:20)
    at handleMessage (child_process.js:324:10)
    at Pipe.channel.onread (child_process.js:352:11)
events.js:85
      throw er; // Unhandled 'error' event
            ^
Error: bind EADDRINUSE
    at exports._errnoException (util.js:746:11)
    at cb (net.js:1178:33)
    at rr (cluster.js:592:14)
    at Worker.<anonymous> (cluster.js:563:9)
    at process.<anonymous> (cluster.js:692:8)
    at process.emit (events.js:129:20)
    at handleMessage (child_process.js:324:10)
    at Pipe.channel.onread (child_process.js:352:11)
events.js:85
      throw er; // Unhandled 'error' event
            ^
Error: bind EADDRINUSE
    at exports._errnoException (util.js:746:11)
    at cb (net.js:1178:33)
    at rr (cluster.js:592:14)
    at Worker.<anonymous> (cluster.js:563:9)
    at process.<anonymous> (cluster.js:692:8)
    at process.emit (events.js:129:20)
    at handleMessage (child_process.js:324:10)
    at Pipe.channel.onread (child_process.js:352:11)
events.js:85
      throw er; // Unhandled 'error' event
            ^
Error: bind EADDRINUSE
    at exports._errnoException (util.js:746:11)
    at cb (net.js:1178:33)
    at rr (cluster.js:592:14)
    at Worker.<anonymous> (cluster.js:563:9)
    at process.<anonymous> (cluster.js:692:8)
    at process.emit (events.js:129:20)
    at handleMessage (child_process.js:324:10)
    at Pipe.channel.onread (child_process.js:352:11)
Loading env from: ./config.json
Loading env from: ./config.json
Loading env from: ./config.json
Loading env from: ./config.json
Loading env from: ./config.json
Loading env from: ./config.json
Loading env from: ./config.json
Loading env from: ./config.json
Loading env from: ./config.json
events.js:85
      throw er; // Unhandled 'error' event
            ^
Error: bind EADDRINUSE
    at exports._errnoException (util.js:746:11)
    at cb (net.js:1178:33)
    at rr (cluster.js:592:14)
    at Worker.<anonymous> (cluster.js:563:9)
    at process.<anonymous> (cluster.js:692:8)
    at process.emit (events.js:129:20)
    at handleMessage (child_process.js:324:10)
    at Pipe.channel.onread (child_process.js:352:11)
events.js:85
      throw er; // Unhandled 'error' event
            ^
Error: bind EADDRINUSE
    at exports._errnoException (util.js:746:11)
    at cb (net.js:1178:33)
    at rr (cluster.js:592:14)
    at Worker.<anonymous> (cluster.js:563:9)
    at process.<anonymous> (cluster.js:692:8)
    at process.emit (events.js:129:20)
    at handleMessage (child_process.js:324:10)
    at Pipe.channel.onread (child_process.js:352:11)
events.js:85
      throw er; // Unhandled 'error' event
            ^
Error: bind EADDRINUSE
    at exports._errnoException (util.js:746:11)
    at cb (net.js:1178:33)
    at rr (cluster.js:592:14)
    at Worker.<anonymous> (cluster.js:563:9)
    at process.<anonymous> (cluster.js:692:8)
    at process.emit (events.js:129:20)
    at handleMessage (child_process.js:324:10)
    at Pipe.channel.onread (child_process.js:352:11)
events.js:85
      throw er; // Unhandled 'error' event
            ^
Error: bind EADDRINUSE
    at exports._errnoException (util.js:746:11)
    at cb (net.js:1178:33)
    at rr (cluster.js:592:14)
    at Worker.<anonymous> (cluster.js:563:9)
    at process.<anonymous> (cluster.js:692:8)
    at process.emit (events.js:129:20)
    at handleMessage (child_process.js:324:10)
    at Pipe.channel.onread (child_process.js:352:11)
events.js:85
      throw er; // Unhandled 'error' event
            ^
Error: bind EADDRINUSE
    at exports._errnoException (util.js:746:11)
    at cb (net.js:1178:33)
    at rr (cluster.js:592:14)
    at Worker.<anonymous> (cluster.js:563:9)
    at process.<anonymous> (cluster.js:692:8)
    at process.emit (events.js:129:20)
    at handleMessage (child_process.js:324:10)
    at Pipe.channel.onread (child_process.js:352:11)
events.js:85
      throw er; // Unhandled 'error' event
            ^
Error: bind EADDRINUSE
    at exports._errnoException (util.js:746:11)
    at cb (net.js:1178:33)
    at rr (cluster.js:592:14)
    at Worker.<anonymous> (cluster.js:563:9)
    at process.<anonymous> (cluster.js:692:8)
    at process.emit (events.js:129:20)
    at handleMessage (child_process.js:324:10)
    at Pipe.channel.onread (child_process.js:352:11)
events.js:85
      throw er; // Unhandled 'error' event
            ^
Error: bind EADDRINUSE
    at exports._errnoException (util.js:746:11)
    at cb (net.js:1178:33)
    at rr (cluster.js:592:14)
    at Worker.<anonymous> (cluster.js:563:9)
    at process.<anonymous> (cluster.js:692:8)
    at process.emit (events.js:129:20)
    at handleMessage (child_process.js:324:10)
    at Pipe.channel.onread (child_process.js:352:11)
events.js:85
      throw er; // Unhandled 'error' event
            ^
Error: bind EADDRINUSE
    at exports._errnoException (util.js:746:11)
    at cb (net.js:1178:33)
    at rr (cluster.js:592:14)
    at Worker.<anonymous> (cluster.js:563:9)
    at process.<anonymous> (cluster.js:692:8)
    at process.emit (events.js:129:20)
    at handleMessage (child_process.js:324:10)
    at Pipe.channel.onread (child_process.js:352:11)
Loading env from: ./config.json
Loading env from: ./config.json
Loading env from: ./config.json
Loading env from: ./config.json
Loading env from: ./config.json
Loading env from: ./config.json
Loading env from: ./config.json
Loading env from: ./config.json
Loading env from: ./config.json
{ _readableState: 
   { objectMode: false,
     highWaterMark: 16384,
     buffer: [],
     length: 0,
     pipes: null,
     pipesCount: 0,
     flowing: null,
     ended: false,
     endEmitted: false,
     reading: false,
     sync: true,
     needReadable: false,
     emittedReadable: false,
     readableListening: false,
     defaultEncoding: 'utf8',
     ranOut: false,
     awaitDrain: 0,
     readingMore: false,
     decoder: null,
     encoding: null },
  readable: true,
  domain: null,
  _events: {},
  _maxListeners: undefined,
  socket: 
   { _connecting: false,
     _hadError: false,
     _handle: 
      { fd: 12,
        reading: true,
        owner: [Circular],
        onread: [Function: onread],
        onconnection: null,
        writeQueueSize: 0 },
     _host: null,
     _readableState: 
      { objectMode: false,
        highWaterMark: 16384,
        buffer: [],
        length: 0,
        pipes: null,
        pipesCount: 0,
        flowing: true,
        ended: false,
        endEmitted: false,
        reading: false,
        sync: false,
        needReadable: true,
        emittedReadable: false,
        readableListening: false,
        defaultEncoding: 'utf8',
        ranOut: false,
        awaitDrain: 0,
        readingMore: false,
        decoder: null,
        encoding: null,
        resumeScheduled: false },
     readable: true,
     domain: null,
     _events: 
      { end: [Object],
        finish: [Function: onSocketFinish],
        _socketEnd: [Function: onSocketEnd],
        drain: [Object],
        timeout: [Function],
        error: [Function: socketOnError],
        close: [Object],
        data: [Function: socketOnData] },
     _maxListeners: undefined,
     _writableState: 
      { objectMode: false,
        highWaterMark: 16384,
        needDrain: false,
        ending: false,
        ended: false,
        finished: false,
        decodeStrings: false,
        defaultEncoding: 'utf8',
        length: 0,
        writing: false,
        corked: 0,
        sync: true,
        bufferProcessing: false,
        onwrite: [Function],
        writecb: null,
        writelen: 0,
        bufferedRequest: null,
        lastBufferedRequest: null,
        pendingcb: 0,
        prefinished: false,
        errorEmitted: false },
     writable: true,
     allowHalfOpen: true,
     destroyed: false,
     bytesRead: 465,
     _bytesDispatched: 0,
     _pendingData: null,
     _pendingEncoding: '',
     server: 
      { domain: null,
        _events: [Object],
        _maxListeners: undefined,
        _connections: 1,
        _handle: [Object],
        _usingSlaves: false,
        _slaves: [],
        allowHalfOpen: true,
        pauseOnConnect: false,
        httpAllowHalfOpen: false,
        timeout: 120000,
        _connectionKey: '4:null:3000' },
     _idleTimeout: 120000,
     _idleNext: { _idleNext: [Circular], _idlePrev: [Circular] },
     _idlePrev: { _idleNext: [Circular], _idlePrev: [Circular] },
     _idleStart: 2100027,
     parser: 
      { '0': [Function: parserOnHeaders],
        '1': [Function: parserOnHeadersComplete],
        '2': [Function: parserOnBody],
        '3': [Function: parserOnMessageComplete],
        _headers: [],
        _url: '',
        socket: [Circular],
        incoming: [Circular],
        maxHeaderPairs: 2000,
        onIncoming: [Function: parserOnIncoming] },
     _paused: false,
     read: [Function],
     _consuming: true,
     _httpMessage: 
      { domain: null,
        _events: [Object],
        _maxListeners: undefined,
        output: [],
        outputEncodings: [],
        outputCallbacks: [],
        writable: true,
        _last: false,
        chunkedEncoding: false,
        shouldKeepAlive: true,
        useChunkedEncodingByDefault: true,
        sendDate: true,
        _removedHeader: {},
        _hasBody: true,
        _trailer: '',
        finished: false,
        _hangupClose: false,
        _headerSent: false,
        socket: [Circular],
        connection: [Circular],
        _header: null,
        _headers: [Object],
        _headerNames: [Object],
        req: [Circular],
        locals: [Function: locals] } },
  connection: 
   { _connecting: false,
     _hadError: false,
     _handle: 
      { fd: 12,
        reading: true,
        owner: [Circular],
        onread: [Function: onread],
        onconnection: null,
        writeQueueSize: 0 },
     _host: null,
     _readableState: 
      { objectMode: false,
        highWaterMark: 16384,
        buffer: [],
        length: 0,
        pipes: null,
        pipesCount: 0,
        flowing: true,
        ended: false,
        endEmitted: false,
        reading: false,
        sync: false,
        needReadable: true,
        emittedReadable: false,
        readableListening: false,
        defaultEncoding: 'utf8',
        ranOut: false,
        awaitDrain: 0,
        readingMore: false,
        decoder: null,
        encoding: null,
        resumeScheduled: false },
     readable: true,
     domain: null,
     _events: 
      { end: [Object],
        finish: [Function: onSocketFinish],
        _socketEnd: [Function: onSocketEnd],
        drain: [Object],
        timeout: [Function],
        error: [Function: socketOnError],
        close: [Object],
        data: [Function: socketOnData] },
     _maxListeners: undefined,
     _writableState: 
      { objectMode: false,
        highWaterMark: 16384,
        needDrain: false,
        ending: false,
        ended: false,
        finished: false,
        decodeStrings: false,
        defaultEncoding: 'utf8',
        length: 0,
        writing: false,
        corked: 0,
        sync: true,
        bufferProcessing: false,
        onwrite: [Function],
        writecb: null,
        writelen: 0,
        bufferedRequest: null,
        lastBufferedRequest: null,
        pendingcb: 0,
        prefinished: false,
        errorEmitted: false },
     writable: true,
     allowHalfOpen: true,
     destroyed: false,
     bytesRead: 465,
     _bytesDispatched: 0,
     _pendingData: null,
     _pendingEncoding: '',
     server: 
      { domain: null,
        _events: [Object],
        _maxListeners: undefined,
        _connections: 1,
        _handle: [Object],
        _usingSlaves: false,
        _slaves: [],
        allowHalfOpen: true,
        pauseOnConnect: false,
        httpAllowHalfOpen: false,
        timeout: 120000,
        _connectionKey: '4:null:3000' },
     _idleTimeout: 120000,
     _idleNext: { _idleNext: [Circular], _idlePrev: [Circular] },
     _idlePrev: { _idleNext: [Circular], _idlePrev: [Circular] },
     _idleStart: 2100027,
     parser: 
      { '0': [Function: parserOnHeaders],
        '1': [Function: parserOnHeadersComplete],
        '2': [Function: parserOnBody],
        '3': [Function: parserOnMessageComplete],
        _headers: [],
        _url: '',
        socket: [Circular],
        incoming: [Circular],
        maxHeaderPairs: 2000,
        onIncoming: [Function: parserOnIncoming] },
     _paused: false,
     read: [Function],
     _consuming: true,
     _httpMessage: 
      { domain: null,
        _events: [Object],
        _maxListeners: undefined,
        output: [],
        outputEncodings: [],
        outputCallbacks: [],
        writable: true,
        _last: false,
        chunkedEncoding: false,
        shouldKeepAlive: true,
        useChunkedEncodingByDefault: true,
        sendDate: true,
        _removedHeader: {},
        _hasBody: true,
        _trailer: '',
        finished: false,
        _hangupClose: false,
        _headerSent: false,
        socket: [Circular],
        connection: [Circular],
        _header: null,
        _headers: [Object],
        _headerNames: [Object],
        req: [Circular],
        locals: [Function: locals] } },
  httpVersionMajor: 1,
  httpVersionMinor: 1,
  httpVersion: '1.1',
  complete: false,
  headers: 
   { host: 'localhost:3000',
     'content-type': 'application/json',
     'accept-language': 'en-us',
     'accept-encoding': 'gzip, deflate',
     cookie: 'filter=active',
     connection: 'keep-alive',
     accept: 'application/json, text/javascript, */*; q=0.01',
     'user-agent': 'Mozilla/5.0 (Macintosh; Intel Mac OS X 10_11) AppleWebKit/601.1.41 (KHTML, like Gecko) Version/9.0 Safari/601.1.41',
     referer: 'http://localhost:3000/',
     dnt: '1',
     'x-requested-with': 'XMLHttpRequest' },
  rawHeaders: 
   [ 'Host',
     'localhost:3000',
     'Content-Type',
     'application/json',
     'Accept-Language',
     'en-us',
     'Accept-Encoding',
     'gzip, deflate',
     'Cookie',
     'filter=active',
     'Connection',
     'keep-alive',
     'Accept',
     'application/json, text/javascript, */*; q=0.01',
     'User-Agent',
     'Mozilla/5.0 (Macintosh; Intel Mac OS X 10_11) AppleWebKit/601.1.41 (KHTML, like Gecko) Version/9.0 Safari/601.1.41',
     'Referer',
     'http://localhost:3000/',
     'DNT',
     '1',
     'X-Requested-With',
     'XMLHttpRequest' ],
  trailers: {},
  rawTrailers: [],
  _pendings: [],
  _pendingIndex: 0,
  upgrade: false,
  url: '/lamp-on?{%22action%22:%22on%22}',
  method: 'GET',
  statusCode: null,
  statusMessage: null,
  client: 
   { _connecting: false,
     _hadError: false,
     _handle: 
      { fd: 12,
        reading: true,
        owner: [Circular],
        onread: [Function: onread],
        onconnection: null,
        writeQueueSize: 0 },
     _host: null,
     _readableState: 
      { objectMode: false,
        highWaterMark: 16384,
        buffer: [],
        length: 0,
        pipes: null,
        pipesCount: 0,
        flowing: true,
        ended: false,
        endEmitted: false,
        reading: false,
        sync: false,
        needReadable: true,
        emittedReadable: false,
        readableListening: false,
        defaultEncoding: 'utf8',
        ranOut: false,
        awaitDrain: 0,
        readingMore: false,
        decoder: null,
        encoding: null,
        resumeScheduled: false },
     readable: true,
     domain: null,
     _events: 
      { end: [Object],
        finish: [Function: onSocketFinish],
        _socketEnd: [Function: onSocketEnd],
        drain: [Object],
        timeout: [Function],
        error: [Function: socketOnError],
        close: [Object],
        data: [Function: socketOnData] },
     _maxListeners: undefined,
     _writableState: 
      { objectMode: false,
        highWaterMark: 16384,
        needDrain: false,
        ending: false,
        ended: false,
        finished: false,
        decodeStrings: false,
        defaultEncoding: 'utf8',
        length: 0,
        writing: false,
        corked: 0,
        sync: true,
        bufferProcessing: false,
        onwrite: [Function],
        writecb: null,
        writelen: 0,
        bufferedRequest: null,
        lastBufferedRequest: null,
        pendingcb: 0,
        prefinished: false,
        errorEmitted: false },
     writable: true,
     allowHalfOpen: true,
     destroyed: false,
     bytesRead: 465,
     _bytesDispatched: 0,
     _pendingData: null,
     _pendingEncoding: '',
     server: 
      { domain: null,
        _events: [Object],
        _maxListeners: undefined,
        _connections: 1,
        _handle: [Object],
        _usingSlaves: false,
        _slaves: [],
        allowHalfOpen: true,
        pauseOnConnect: false,
        httpAllowHalfOpen: false,
        timeout: 120000,
        _connectionKey: '4:null:3000' },
     _idleTimeout: 120000,
     _idleNext: { _idleNext: [Circular], _idlePrev: [Circular] },
     _idlePrev: { _idleNext: [Circular], _idlePrev: [Circular] },
     _idleStart: 2100027,
     parser: 
      { '0': [Function: parserOnHeaders],
        '1': [Function: parserOnHeadersComplete],
        '2': [Function: parserOnBody],
        '3': [Function: parserOnMessageComplete],
        _headers: [],
        _url: '',
        socket: [Circular],
        incoming: [Circular],
        maxHeaderPairs: 2000,
        onIncoming: [Function: parserOnIncoming] },
     _paused: false,
     read: [Function],
     _consuming: true,
     _httpMessage: 
      { domain: null,
        _events: [Object],
        _maxListeners: undefined,
        output: [],
        outputEncodings: [],
        outputCallbacks: [],
        writable: true,
        _last: false,
        chunkedEncoding: false,
        shouldKeepAlive: true,
        useChunkedEncodingByDefault: true,
        sendDate: true,
        _removedHeader: {},
        _hasBody: true,
        _trailer: '',
        finished: false,
        _hangupClose: false,
        _headerSent: false,
        socket: [Circular],
        connection: [Circular],
        _header: null,
        _headers: [Object],
        _headerNames: [Object],
        req: [Circular],
        locals: [Function: locals] } },
  _consuming: false,
  _dumped: false,
  originalUrl: '/lamp-on?{%22action%22:%22on%22}',
  _parsedUrl: 
   { protocol: null,
     slashes: null,
     auth: null,
     host: null,
     port: null,
     hostname: null,
     hash: null,
     search: '?{%22action%22:%22on%22}',
     query: '{%22action%22:%22on%22}',
     pathname: '/lamp-on',
     path: '/lamp-on?{%22action%22:%22on%22}',
     href: '/lamp-on?{%22action%22:%22on%22}' },
  query: { '{"action":"on"}': '', [__proto__]: {} },
  res: 
   { domain: null,
     _events: { prefinish: [Function: resOnFinish] },
     _maxListeners: undefined,
     output: [],
     outputEncodings: [],
     outputCallbacks: [],
     writable: true,
     _last: false,
     chunkedEncoding: false,
     shouldKeepAlive: true,
     useChunkedEncodingByDefault: true,
     sendDate: true,
     _removedHeader: {},
     _hasBody: true,
     _trailer: '',
     finished: false,
     _hangupClose: false,
     _headerSent: false,
     socket: 
      { _connecting: false,
        _hadError: false,
        _handle: [Object],
        _host: null,
        _readableState: [Object],
        readable: true,
        domain: null,
        _events: [Object],
        _maxListeners: undefined,
        _writableState: [Object],
        writable: true,
        allowHalfOpen: true,
        destroyed: false,
        bytesRead: 465,
        _bytesDispatched: 0,
        _pendingData: null,
        _pendingEncoding: '',
        server: [Object],
        _idleTimeout: 120000,
        _idleNext: [Object],
        _idlePrev: [Object],
        _idleStart: 2100027,
        parser: [Object],
        _paused: false,
        read: [Function],
        _consuming: true,
        _httpMessage: [Circular] },
     connection: 
      { _connecting: false,
        _hadError: false,
        _handle: [Object],
        _host: null,
        _readableState: [Object],
        readable: true,
        domain: null,
        _events: [Object],
        _maxListeners: undefined,
        _writableState: [Object],
        writable: true,
        allowHalfOpen: true,
        destroyed: false,
        bytesRead: 465,
        _bytesDispatched: 0,
        _pendingData: null,
        _pendingEncoding: '',
        server: [Object],
        _idleTimeout: 120000,
        _idleNext: [Object],
        _idlePrev: [Object],
        _idleStart: 2100027,
        parser: [Object],
        _paused: false,
        read: [Function],
        _consuming: true,
        _httpMessage: [Circular] },
     _header: null,
     _headers: { 'x-powered-by': 'Express' },
     _headerNames: { 'x-powered-by': 'X-Powered-By' },
     req: [Circular],
     locals: [Function: locals] },
  next: [Function: next],
  body: {},
  files: {},
  originalMethod: 'GET',
  _route_index: 1,
  route: 
   { path: '/lamp-on',
     method: 'get',
     callbacks: [ [Function] ],
     keys: [],
     regexp: /^\/lamp-on\/?$/i,
     params: [] },
  params: [] }
Loading env from: ./config.json
Loading env from: ./config.json
Loading env from: ./config.json
Loading env from: ./config.json
Loading env from: ./config.json
Loading env from: ./config.json
Loading env from: ./config.json
Loading env from: ./config.json
Loading env from: ./config.json
events.js:85
      throw er; // Unhandled 'error' event
            ^
Error: bind EADDRINUSE
    at exports._errnoException (util.js:746:11)
    at cb (net.js:1178:33)
    at rr (cluster.js:592:14)
    at Worker.<anonymous> (cluster.js:563:9)
    at process.<anonymous> (cluster.js:692:8)
    at process.emit (events.js:129:20)
    at handleMessage (child_process.js:324:10)
    at Pipe.channel.onread (child_process.js:352:11)
events.js:85
      throw er; // Unhandled 'error' event
            ^
Error: bind EADDRINUSE
    at exports._errnoException (util.js:746:11)
    at cb (net.js:1178:33)
    at rr (cluster.js:592:14)
    at Worker.<anonymous> (cluster.js:563:9)
    at process.<anonymous> (cluster.js:692:8)
    at process.emit (events.js:129:20)
    at handleMessage (child_process.js:324:10)
    at Pipe.channel.onread (child_process.js:352:11)
events.js:85
      throw er; // Unhandled 'error' event
            ^
Error: bind EADDRINUSE
    at exports._errnoException (util.js:746:11)
    at cb (net.js:1178:33)
    at rr (cluster.js:592:14)
    at Worker.<anonymous> (cluster.js:563:9)
    at process.<anonymous> (cluster.js:692:8)
    at process.emit (events.js:129:20)
    at handleMessage (child_process.js:324:10)
    at Pipe.channel.onread (child_process.js:352:11)
events.js:85
      throw er; // Unhandled 'error' event
            ^
Error: bind EADDRINUSE
    at exports._errnoException (util.js:746:11)
    at cb (net.js:1178:33)
    at rr (cluster.js:592:14)
    at Worker.<anonymous> (cluster.js:563:9)
    at process.<anonymous> (cluster.js:692:8)
    at process.emit (events.js:129:20)
    at handleMessage (child_process.js:324:10)
    at Pipe.channel.onread (child_process.js:352:11)
events.js:85
      throw er; // Unhandled 'error' event
            ^
Error: bind EADDRINUSE
    at exports._errnoException (util.js:746:11)
    at cb (net.js:1178:33)
    at rr (cluster.js:592:14)
    at Worker.<anonymous> (cluster.js:563:9)
    at process.<anonymous> (cluster.js:692:8)
    at process.emit (events.js:129:20)
    at handleMessage (child_process.js:324:10)
    at Pipe.channel.onread (child_process.js:352:11)
events.js:85
      throw er; // Unhandled 'error' event
            ^
Error: bind EADDRINUSE
    at exports._errnoException (util.js:746:11)
    at cb (net.js:1178:33)
    at rr (cluster.js:592:14)
    at Worker.<anonymous> (cluster.js:563:9)
    at process.<anonymous> (cluster.js:692:8)
    at process.emit (events.js:129:20)
    at handleMessage (child_process.js:324:10)
    at Pipe.channel.onread (child_process.js:352:11)
events.js:85
      throw er; // Unhandled 'error' event
            ^
Error: bind EADDRINUSE
    at exports._errnoException (util.js:746:11)
    at cb (net.js:1178:33)
    at rr (cluster.js:592:14)
    at Worker.<anonymous> (cluster.js:563:9)
    at process.<anonymous> (cluster.js:692:8)
    at process.emit (events.js:129:20)
    at handleMessage (child_process.js:324:10)
    at Pipe.channel.onread (child_process.js:352:11)
events.js:85
      throw er; // Unhandled 'error' event
            ^
Error: bind EADDRINUSE
    at exports._errnoException (util.js:746:11)
    at cb (net.js:1178:33)
    at rr (cluster.js:592:14)
    at Worker.<anonymous> (cluster.js:563:9)
    at process.<anonymous> (cluster.js:692:8)
    at process.emit (events.js:129:20)
    at handleMessage (child_process.js:324:10)
    at Pipe.channel.onread (child_process.js:352:11)
